<?xml version="1.0" encoding="UTF-8"?>
<!-- Generated by org.testng.reporters.JUnitXMLReporter -->
<testsuite hostname="WIN7-PC" ignored="0" name="Test" tests="1" failures="1" timestamp="2023-03-04T12:01:52 IST" time="63.051" errors="0">
  <testcase name="runScenario" time="58.785" classname="io.cucumber.testng.AbstractTestNGCucumberTests">
    <failure type="java.lang.AssertionError">
      <![CDATA[java.lang.AssertionError
at org.junit.Assert.fail(Assert.java:86)
at org.junit.Assert.assertTrue(Assert.java:41)
at org.junit.Assert.assertTrue(Assert.java:52)
at StepDefinition.SDLinkTest.user_redirect_to_new_page_and_verify_title_of_page(SDLinkTest.java:129)
at ✽.user redirect to new page and verify title of page(file:///G:/cucumbercode%20studio/CucumberFramework-master/CucumberFramework/./Features/theinternet.feature:30)
]]>
    </failure>
  </testcase> <!-- runScenario -->
</testsuite> <!-- Test -->
